  database.cpp
D:\studia\projekt_zaliczeniowy\projekt_zaliczeniowy\database.cpp(20,66): warning C4267: "argument": konwersja z "size_t" do "int", możliwa utrata danych
D:\studia\projekt_zaliczeniowy\projekt_zaliczeniowy\database.cpp(21,58): warning C4267: "argument": konwersja z "size_t" do "int", możliwa utrata danych
D:\studia\projekt_zaliczeniowy\projekt_zaliczeniowy\database.cpp(22,64): warning C4267: "argument": konwersja z "size_t" do "int", możliwa utrata danych
D:\studia\projekt_zaliczeniowy\projekt_zaliczeniowy\database.cpp(46,66): warning C4267: "argument": konwersja z "size_t" do "int", możliwa utrata danych
D:\studia\projekt_zaliczeniowy\projekt_zaliczeniowy\database.cpp(48,80): warning C4267: "argument": konwersja z "size_t" do "int", możliwa utrata danych
D:\studia\projekt_zaliczeniowy\projekt_zaliczeniowy\database.cpp(49,88): warning C4267: "argument": konwersja z "size_t" do "int", możliwa utrata danych
D:\studia\projekt_zaliczeniowy\projekt_zaliczeniowy\database.cpp(50,68): warning C4267: "argument": konwersja z "size_t" do "int", możliwa utrata danych
D:\studia\projekt_zaliczeniowy\projekt_zaliczeniowy\database.cpp(51,64): warning C4267: "argument": konwersja z "size_t" do "int", możliwa utrata danych
D:\studia\projekt_zaliczeniowy\projekt_zaliczeniowy\database.cpp(70,66): warning C4267: "argument": konwersja z "size_t" do "int", możliwa utrata danych
D:\studia\projekt_zaliczeniowy\projekt_zaliczeniowy\database.cpp(73,64): warning C4267: "argument": konwersja z "size_t" do "int", możliwa utrata danych
D:\studia\projekt_zaliczeniowy\projekt_zaliczeniowy\database.cpp(113,66): warning C4267: "argument": konwersja z "size_t" do "int", możliwa utrata danych
D:\studia\projekt_zaliczeniowy\projekt_zaliczeniowy\database.cpp(115,64): warning C4267: "argument": konwersja z "size_t" do "int", możliwa utrata danych
D:\studia\projekt_zaliczeniowy\projekt_zaliczeniowy\database.cpp(116,64): warning C4267: "argument": konwersja z "size_t" do "int", możliwa utrata danych
D:\studia\projekt_zaliczeniowy\projekt_zaliczeniowy\database.cpp(117,64): warning C4267: "argument": konwersja z "size_t" do "int", możliwa utrata danych
D:\studia\projekt_zaliczeniowy\projekt_zaliczeniowy\database.cpp(160,66): warning C4267: "argument": konwersja z "size_t" do "int", możliwa utrata danych
D:\studia\projekt_zaliczeniowy\projekt_zaliczeniowy\database.cpp(161,64): warning C4267: "argument": konwersja z "size_t" do "int", możliwa utrata danych
D:\studia\projekt_zaliczeniowy\projekt_zaliczeniowy\database.cpp(162,88): warning C4267: "argument": konwersja z "size_t" do "int", możliwa utrata danych
D:\studia\projekt_zaliczeniowy\projekt_zaliczeniowy\database.cpp(186,77): warning C4267: "argument": konwersja z "size_t" do "int", możliwa utrata danych
D:\studia\projekt_zaliczeniowy\projekt_zaliczeniowy\database.cpp(187,64): warning C4267: "argument": konwersja z "size_t" do "int", możliwa utrata danych
D:\studia\projekt_zaliczeniowy\projekt_zaliczeniowy\database.cpp(188,88): warning C4267: "argument": konwersja z "size_t" do "int", możliwa utrata danych
D:\studia\projekt_zaliczeniowy\projekt_zaliczeniowy\database.cpp(207,76): warning C4267: "argument": konwersja z "size_t" do "int", możliwa utrata danych
D:\studia\projekt_zaliczeniowy\projekt_zaliczeniowy\database.cpp(209,58): warning C4267: "argument": konwersja z "size_t" do "int", możliwa utrata danych
D:\studia\projekt_zaliczeniowy\projekt_zaliczeniowy\database.cpp(210,64): warning C4267: "argument": konwersja z "size_t" do "int", możliwa utrata danych
D:\studia\projekt_zaliczeniowy\projekt_zaliczeniowy\database.cpp(225,66): warning C4267: "argument": konwersja z "size_t" do "int", możliwa utrata danych
D:\studia\projekt_zaliczeniowy\projekt_zaliczeniowy\database.cpp(226,88): warning C4267: "argument": konwersja z "size_t" do "int", możliwa utrata danych
D:\studia\projekt_zaliczeniowy\projekt_zaliczeniowy\database.cpp(227,58): warning C4267: "argument": konwersja z "size_t" do "int", możliwa utrata danych
D:\studia\projekt_zaliczeniowy\projekt_zaliczeniowy\database.cpp(228,64): warning C4267: "argument": konwersja z "size_t" do "int", możliwa utrata danych
D:\studia\projekt_zaliczeniowy\projekt_zaliczeniowy\database.cpp(297,72): warning C4267: "argument": konwersja z "size_t" do "int", możliwa utrata danych
D:\studia\projekt_zaliczeniowy\projekt_zaliczeniowy\database.cpp(311,20): warning C4242: "=": konwersja z "int" do "char", możliwa utrata danych
  main.cpp
D:\studia\projekt_zaliczeniowy\projekt_zaliczeniowy\main.cpp(12,19): warning C4242: "=": konwersja z "int" do "char", możliwa utrata danych
LINK : warning LNK4067: niejednoznaczny punkt wejścia; wybrano „mainCRTStartup”
  Trwa generowanie kodu
  2 of 3450 functions (<0.1%) were compiled, the rest were copied from previous compilation.
    0 functions were new in current compilation
    68 functions had inline decision re-evaluated but remain unchanged
  Zakończono generowanie kodu
  projekt_zaliczeniowy.vcxproj -> D:\studia\projekt_zaliczeniowy\x64\Release\projekt_zaliczeniowy.exe
